<?xml version="1.0" encoding="UTF-8"?>
<!-- Generated by org.testng.reporters.JUnitXMLReporter -->
<testsuite ignored="0" hostname="DESKTOP-AF33508" failures="0" tests="5" name="Test" time="70.417" errors="0" timestamp="2021-02-06T15:47:07 IST">
  <testcase classname="com.orangehrm.TestCases.TestLoginPage" name="loginTest" time="13.999"/>
  <testcase classname="com.orangehrm.TestCases.TestLoginPage" name="loginTest" time="12.477"/>
  <testcase classname="com.orangehrm.TestCases.TestLoginPage" name="loginTest" time="12.359"/>
  <testcase classname="com.orangehrm.TestCases.TestLoginPage" name="loginTest" time="12.353"/>
  <testcase classname="com.orangehrm.TestCases.TestLoginPage" name="loginTest" time="12.36"/>
</testsuite> <!-- Test -->
