<?xml version="1.0" encoding="UTF-8"?>
<testng-results ignored="0" total="5" passed="5" failed="0" skipped="0">
  <reporter-output>
  </reporter-output>
  <suite started-at="2021-02-06T15:45:57 IST" name="Suite" finished-at="2021-02-06T15:47:07 IST" duration-ms="70417">
    <groups>
    </groups>
    <test started-at="2021-02-06T15:45:57 IST" name="Test" finished-at="2021-02-06T15:47:07 IST" duration-ms="70417">
      <class name="com.orangehrm.TestCases.TestLoginPage">
        <test-method is-config="true" signature="setup(java.lang.String)[pri:0, instance:com.orangehrm.TestCases.TestLoginPage@29e495ff]" started-at="2021-02-06T15:45:57 IST" name="setup" finished-at="2021-02-06T15:46:02 IST" duration-ms="5480" status="PASS">
          <params>
            <param index="0">
              <value>
                <![CDATA[chrome]]>
              </value>
            </param>
          </params>
          <reporter-output>
          </reporter-output>
        </test-method> <!-- setup -->
        <test-method signature="loginTest(java.lang.String, java.lang.String)[pri:0, instance:com.orangehrm.TestCases.TestLoginPage@29e495ff]" started-at="2021-02-06T15:46:03 IST" name="loginTest" data-provider="LoginData" finished-at="2021-02-06T15:46:17 IST" duration-ms="13999" status="PASS">
          <params>
            <param index="0">
              <value>
                <![CDATA[Admin]]>
              </value>
            </param>
            <param index="1">
              <value>
                <![CDATA[admin123]]>
              </value>
            </param>
          </params>
          <reporter-output>
          </reporter-output>
        </test-method> <!-- loginTest -->
        <test-method signature="loginTest(java.lang.String, java.lang.String)[pri:0, instance:com.orangehrm.TestCases.TestLoginPage@29e495ff]" started-at="2021-02-06T15:46:17 IST" name="loginTest" data-provider="LoginData" finished-at="2021-02-06T15:46:29 IST" duration-ms="12477" status="PASS">
          <params>
            <param index="0">
              <value>
                <![CDATA[Admin]]>
              </value>
            </param>
            <param index="1">
              <value>
                <![CDATA[admin123]]>
              </value>
            </param>
          </params>
          <reporter-output>
          </reporter-output>
        </test-method> <!-- loginTest -->
        <test-method signature="loginTest(java.lang.String, java.lang.String)[pri:0, instance:com.orangehrm.TestCases.TestLoginPage@29e495ff]" started-at="2021-02-06T15:46:29 IST" name="loginTest" data-provider="LoginData" finished-at="2021-02-06T15:46:42 IST" duration-ms="12359" status="PASS">
          <params>
            <param index="0">
              <value>
                <![CDATA[Admin]]>
              </value>
            </param>
            <param index="1">
              <value>
                <![CDATA[admin123]]>
              </value>
            </param>
          </params>
          <reporter-output>
          </reporter-output>
        </test-method> <!-- loginTest -->
        <test-method signature="loginTest(java.lang.String, java.lang.String)[pri:0, instance:com.orangehrm.TestCases.TestLoginPage@29e495ff]" started-at="2021-02-06T15:46:42 IST" name="loginTest" data-provider="LoginData" finished-at="2021-02-06T15:46:54 IST" duration-ms="12353" status="PASS">
          <params>
            <param index="0">
              <value>
                <![CDATA[Admin]]>
              </value>
            </param>
            <param index="1">
              <value>
                <![CDATA[admin123]]>
              </value>
            </param>
          </params>
          <reporter-output>
          </reporter-output>
        </test-method> <!-- loginTest -->
        <test-method signature="loginTest(java.lang.String, java.lang.String)[pri:0, instance:com.orangehrm.TestCases.TestLoginPage@29e495ff]" started-at="2021-02-06T15:46:54 IST" name="loginTest" data-provider="LoginData" finished-at="2021-02-06T15:47:07 IST" duration-ms="12360" status="PASS">
          <params>
            <param index="0">
              <value>
                <![CDATA[Admin]]>
              </value>
            </param>
            <param index="1">
              <value>
                <![CDATA[admin123]]>
              </value>
            </param>
          </params>
          <reporter-output>
          </reporter-output>
        </test-method> <!-- loginTest -->
        <test-method is-config="true" signature="tearDown()[pri:0, instance:com.orangehrm.TestCases.TestLoginPage@29e495ff]" started-at="2021-02-06T15:47:07 IST" name="tearDown" finished-at="2021-02-06T15:47:07 IST" duration-ms="649" status="PASS">
          <reporter-output>
          </reporter-output>
        </test-method> <!-- tearDown -->
      </class> <!-- com.orangehrm.TestCases.TestLoginPage -->
    </test> <!-- Test -->
  </suite> <!-- Suite -->
</testng-results>
